--
-- PostgreSQL database cluster dump
--

SET default_transaction_read_only = off;

SET client_encoding = 'UTF8';
SET standard_conforming_strings = on;

--
-- Roles
--

CREATE ROLE postgres;
ALTER ROLE postgres WITH SUPERUSER INHERIT CREATEROLE CREATEDB LOGIN REPLICATION BYPASSRLS PASSWORD 'SCRAM-SHA-256$4096:B+/vx4BTlGpRgqS9bxnizQ==$9KhBNui0xvDhciSC5a7Q1E9yKD1J1/SVQnSY2t6eJUQ=:4NFV7pVTxA4vYFoT/+D3Gx1apD/V0kQn8KIDF8CfBJI=';

--
-- User Configurations
--








--
-- Databases
--

--
-- Database "template1" dump
--

\connect template1

--
-- PostgreSQL database dump
--

-- Dumped from database version 15.2 (Debian 15.2-1.pgdg110+1)
-- Dumped by pg_dump version 15.2 (Debian 15.2-1.pgdg110+1)

SET statement_timeout = 0;
SET lock_timeout = 0;
SET idle_in_transaction_session_timeout = 0;
SET client_encoding = 'UTF8';
SET standard_conforming_strings = on;
SELECT pg_catalog.set_config('search_path', '', false);
SET check_function_bodies = false;
SET xmloption = content;
SET client_min_messages = warning;
SET row_security = off;

--
-- PostgreSQL database dump complete
--

--
-- Database "postgres" dump
--

\connect postgres

--
-- PostgreSQL database dump
--

-- Dumped from database version 15.2 (Debian 15.2-1.pgdg110+1)
-- Dumped by pg_dump version 15.2 (Debian 15.2-1.pgdg110+1)

SET statement_timeout = 0;
SET lock_timeout = 0;
SET idle_in_transaction_session_timeout = 0;
SET client_encoding = 'UTF8';
SET standard_conforming_strings = on;
SELECT pg_catalog.set_config('search_path', '', false);
SET check_function_bodies = false;
SET xmloption = content;
SET client_min_messages = warning;
SET row_security = off;

--
-- PostgreSQL database dump complete
--

--
-- Database "statistics" dump
--

--
-- PostgreSQL database dump
--

-- Dumped from database version 15.2 (Debian 15.2-1.pgdg110+1)
-- Dumped by pg_dump version 15.2 (Debian 15.2-1.pgdg110+1)

SET statement_timeout = 0;
SET lock_timeout = 0;
SET idle_in_transaction_session_timeout = 0;
SET client_encoding = 'UTF8';
SET standard_conforming_strings = on;
SELECT pg_catalog.set_config('search_path', '', false);
SET check_function_bodies = false;
SET xmloption = content;
SET client_min_messages = warning;
SET row_security = off;

--
-- Name: statistics; Type: DATABASE; Schema: -; Owner: postgres
--

CREATE DATABASE statistics WITH TEMPLATE = template0 ENCODING = 'UTF8' LOCALE_PROVIDER = libc LOCALE = 'en_US.utf8';


ALTER DATABASE statistics OWNER TO postgres;

\connect statistics

SET statement_timeout = 0;
SET lock_timeout = 0;
SET idle_in_transaction_session_timeout = 0;
SET client_encoding = 'UTF8';
SET standard_conforming_strings = on;
SELECT pg_catalog.set_config('search_path', '', false);
SET check_function_bodies = false;
SET xmloption = content;
SET client_min_messages = warning;
SET row_security = off;

SET default_tablespace = '';

SET default_table_access_method = heap;

--
-- Name: auth_group; Type: TABLE; Schema: public; Owner: postgres
--

CREATE TABLE public.auth_group (
    id integer NOT NULL,
    name character varying(150) NOT NULL
);


ALTER TABLE public.auth_group OWNER TO postgres;

--
-- Name: auth_group_id_seq; Type: SEQUENCE; Schema: public; Owner: postgres
--

ALTER TABLE public.auth_group ALTER COLUMN id ADD GENERATED BY DEFAULT AS IDENTITY (
    SEQUENCE NAME public.auth_group_id_seq
    START WITH 1
    INCREMENT BY 1
    NO MINVALUE
    NO MAXVALUE
    CACHE 1
);


--
-- Name: auth_group_permissions; Type: TABLE; Schema: public; Owner: postgres
--

CREATE TABLE public.auth_group_permissions (
    id bigint NOT NULL,
    group_id integer NOT NULL,
    permission_id integer NOT NULL
);


ALTER TABLE public.auth_group_permissions OWNER TO postgres;

--
-- Name: auth_group_permissions_id_seq; Type: SEQUENCE; Schema: public; Owner: postgres
--

ALTER TABLE public.auth_group_permissions ALTER COLUMN id ADD GENERATED BY DEFAULT AS IDENTITY (
    SEQUENCE NAME public.auth_group_permissions_id_seq
    START WITH 1
    INCREMENT BY 1
    NO MINVALUE
    NO MAXVALUE
    CACHE 1
);


--
-- Name: auth_permission; Type: TABLE; Schema: public; Owner: postgres
--

CREATE TABLE public.auth_permission (
    id integer NOT NULL,
    name character varying(255) NOT NULL,
    content_type_id integer NOT NULL,
    codename character varying(100) NOT NULL
);


ALTER TABLE public.auth_permission OWNER TO postgres;

--
-- Name: auth_permission_id_seq; Type: SEQUENCE; Schema: public; Owner: postgres
--

ALTER TABLE public.auth_permission ALTER COLUMN id ADD GENERATED BY DEFAULT AS IDENTITY (
    SEQUENCE NAME public.auth_permission_id_seq
    START WITH 1
    INCREMENT BY 1
    NO MINVALUE
    NO MAXVALUE
    CACHE 1
);


--
-- Name: auth_user; Type: TABLE; Schema: public; Owner: postgres
--

CREATE TABLE public.auth_user (
    id integer NOT NULL,
    password character varying(128) NOT NULL,
    last_login timestamp with time zone,
    is_superuser boolean NOT NULL,
    username character varying(150) NOT NULL,
    first_name character varying(150) NOT NULL,
    last_name character varying(150) NOT NULL,
    email character varying(254) NOT NULL,
    is_staff boolean NOT NULL,
    is_active boolean NOT NULL,
    date_joined timestamp with time zone NOT NULL
);


ALTER TABLE public.auth_user OWNER TO postgres;

--
-- Name: auth_user_groups; Type: TABLE; Schema: public; Owner: postgres
--

CREATE TABLE public.auth_user_groups (
    id bigint NOT NULL,
    user_id integer NOT NULL,
    group_id integer NOT NULL
);


ALTER TABLE public.auth_user_groups OWNER TO postgres;

--
-- Name: auth_user_groups_id_seq; Type: SEQUENCE; Schema: public; Owner: postgres
--

ALTER TABLE public.auth_user_groups ALTER COLUMN id ADD GENERATED BY DEFAULT AS IDENTITY (
    SEQUENCE NAME public.auth_user_groups_id_seq
    START WITH 1
    INCREMENT BY 1
    NO MINVALUE
    NO MAXVALUE
    CACHE 1
);


--
-- Name: auth_user_id_seq; Type: SEQUENCE; Schema: public; Owner: postgres
--

ALTER TABLE public.auth_user ALTER COLUMN id ADD GENERATED BY DEFAULT AS IDENTITY (
    SEQUENCE NAME public.auth_user_id_seq
    START WITH 1
    INCREMENT BY 1
    NO MINVALUE
    NO MAXVALUE
    CACHE 1
);


--
-- Name: auth_user_user_permissions; Type: TABLE; Schema: public; Owner: postgres
--

CREATE TABLE public.auth_user_user_permissions (
    id bigint NOT NULL,
    user_id integer NOT NULL,
    permission_id integer NOT NULL
);


ALTER TABLE public.auth_user_user_permissions OWNER TO postgres;

--
-- Name: auth_user_user_permissions_id_seq; Type: SEQUENCE; Schema: public; Owner: postgres
--

ALTER TABLE public.auth_user_user_permissions ALTER COLUMN id ADD GENERATED BY DEFAULT AS IDENTITY (
    SEQUENCE NAME public.auth_user_user_permissions_id_seq
    START WITH 1
    INCREMENT BY 1
    NO MINVALUE
    NO MAXVALUE
    CACHE 1
);


--
-- Name: django_admin_log; Type: TABLE; Schema: public; Owner: postgres
--

CREATE TABLE public.django_admin_log (
    id integer NOT NULL,
    action_time timestamp with time zone NOT NULL,
    object_id text,
    object_repr character varying(200) NOT NULL,
    action_flag smallint NOT NULL,
    change_message text NOT NULL,
    content_type_id integer,
    user_id integer NOT NULL,
    CONSTRAINT django_admin_log_action_flag_check CHECK ((action_flag >= 0))
);


ALTER TABLE public.django_admin_log OWNER TO postgres;

--
-- Name: django_admin_log_id_seq; Type: SEQUENCE; Schema: public; Owner: postgres
--

ALTER TABLE public.django_admin_log ALTER COLUMN id ADD GENERATED BY DEFAULT AS IDENTITY (
    SEQUENCE NAME public.django_admin_log_id_seq
    START WITH 1
    INCREMENT BY 1
    NO MINVALUE
    NO MAXVALUE
    CACHE 1
);


--
-- Name: django_content_type; Type: TABLE; Schema: public; Owner: postgres
--

CREATE TABLE public.django_content_type (
    id integer NOT NULL,
    app_label character varying(100) NOT NULL,
    model character varying(100) NOT NULL
);


ALTER TABLE public.django_content_type OWNER TO postgres;

--
-- Name: django_content_type_id_seq; Type: SEQUENCE; Schema: public; Owner: postgres
--

ALTER TABLE public.django_content_type ALTER COLUMN id ADD GENERATED BY DEFAULT AS IDENTITY (
    SEQUENCE NAME public.django_content_type_id_seq
    START WITH 1
    INCREMENT BY 1
    NO MINVALUE
    NO MAXVALUE
    CACHE 1
);


--
-- Name: django_migrations; Type: TABLE; Schema: public; Owner: postgres
--

CREATE TABLE public.django_migrations (
    id bigint NOT NULL,
    app character varying(255) NOT NULL,
    name character varying(255) NOT NULL,
    applied timestamp with time zone NOT NULL
);


ALTER TABLE public.django_migrations OWNER TO postgres;

--
-- Name: django_migrations_id_seq; Type: SEQUENCE; Schema: public; Owner: postgres
--

ALTER TABLE public.django_migrations ALTER COLUMN id ADD GENERATED BY DEFAULT AS IDENTITY (
    SEQUENCE NAME public.django_migrations_id_seq
    START WITH 1
    INCREMENT BY 1
    NO MINVALUE
    NO MAXVALUE
    CACHE 1
);


--
-- Name: django_session; Type: TABLE; Schema: public; Owner: postgres
--

CREATE TABLE public.django_session (
    session_key character varying(40) NOT NULL,
    session_data text NOT NULL,
    expire_date timestamp with time zone NOT NULL
);


ALTER TABLE public.django_session OWNER TO postgres;

--
-- Name: table_human; Type: TABLE; Schema: public; Owner: postgres
--

CREATE TABLE public.table_human (
    id bigint NOT NULL,
    initials character varying(150) NOT NULL,
    office_id bigint NOT NULL,
    post_id bigint NOT NULL
);


ALTER TABLE public.table_human OWNER TO postgres;

--
-- Name: table_human_id_seq; Type: SEQUENCE; Schema: public; Owner: postgres
--

ALTER TABLE public.table_human ALTER COLUMN id ADD GENERATED BY DEFAULT AS IDENTITY (
    SEQUENCE NAME public.table_human_id_seq
    START WITH 1
    INCREMENT BY 1
    NO MINVALUE
    NO MAXVALUE
    CACHE 1
);


--
-- Name: table_office; Type: TABLE; Schema: public; Owner: postgres
--

CREATE TABLE public.table_office (
    id bigint NOT NULL,
    title character varying(150) NOT NULL
);


ALTER TABLE public.table_office OWNER TO postgres;

--
-- Name: table_office_id_seq; Type: SEQUENCE; Schema: public; Owner: postgres
--

ALTER TABLE public.table_office ALTER COLUMN id ADD GENERATED BY DEFAULT AS IDENTITY (
    SEQUENCE NAME public.table_office_id_seq
    START WITH 1
    INCREMENT BY 1
    NO MINVALUE
    NO MAXVALUE
    CACHE 1
);


--
-- Name: table_post; Type: TABLE; Schema: public; Owner: postgres
--

CREATE TABLE public.table_post (
    id bigint NOT NULL,
    title character varying(150) NOT NULL,
    office_id bigint NOT NULL
);


ALTER TABLE public.table_post OWNER TO postgres;

--
-- Name: table_post_id_seq; Type: SEQUENCE; Schema: public; Owner: postgres
--

ALTER TABLE public.table_post ALTER COLUMN id ADD GENERATED BY DEFAULT AS IDENTITY (
    SEQUENCE NAME public.table_post_id_seq
    START WITH 1
    INCREMENT BY 1
    NO MINVALUE
    NO MAXVALUE
    CACHE 1
);


--
-- Name: table_reason; Type: TABLE; Schema: public; Owner: postgres
--

CREATE TABLE public.table_reason (
    id bigint NOT NULL,
    digital_code character varying(10) NOT NULL,
    character_code character varying(10) NOT NULL,
    title character varying(150) NOT NULL
);


ALTER TABLE public.table_reason OWNER TO postgres;

--
-- Name: table_reason_id_seq; Type: SEQUENCE; Schema: public; Owner: postgres
--

ALTER TABLE public.table_reason ALTER COLUMN id ADD GENERATED BY DEFAULT AS IDENTITY (
    SEQUENCE NAME public.table_reason_id_seq
    START WITH 1
    INCREMENT BY 1
    NO MINVALUE
    NO MAXVALUE
    CACHE 1
);


--
-- Name: table_schedulenotjob; Type: TABLE; Schema: public; Owner: postgres
--

CREATE TABLE public.table_schedulenotjob (
    id bigint NOT NULL,
    comment character varying(300),
    length_time integer,
    date_start date,
    date_end date,
    human_id bigint NOT NULL,
    office_id bigint NOT NULL,
    post_id bigint NOT NULL,
    reason_id bigint NOT NULL,
    shift_id bigint NOT NULL
);


ALTER TABLE public.table_schedulenotjob OWNER TO postgres;

--
-- Name: table_schedulenotjob_id_seq; Type: SEQUENCE; Schema: public; Owner: postgres
--

ALTER TABLE public.table_schedulenotjob ALTER COLUMN id ADD GENERATED BY DEFAULT AS IDENTITY (
    SEQUENCE NAME public.table_schedulenotjob_id_seq
    START WITH 1
    INCREMENT BY 1
    NO MINVALUE
    NO MAXVALUE
    CACHE 1
);


--
-- Name: table_shift; Type: TABLE; Schema: public; Owner: postgres
--

CREATE TABLE public.table_shift (
    id bigint NOT NULL,
    title character varying(150) NOT NULL,
    description character varying(500) NOT NULL
);


ALTER TABLE public.table_shift OWNER TO postgres;

--
-- Name: table_shift_id_seq; Type: SEQUENCE; Schema: public; Owner: postgres
--

ALTER TABLE public.table_shift ALTER COLUMN id ADD GENERATED BY DEFAULT AS IDENTITY (
    SEQUENCE NAME public.table_shift_id_seq
    START WITH 1
    INCREMENT BY 1
    NO MINVALUE
    NO MAXVALUE
    CACHE 1
);


--
-- Name: table_tgo_operation; Type: TABLE; Schema: public; Owner: postgres
--

CREATE TABLE public.table_tgo_operation (
    id bigint NOT NULL,
    title character varying(150) NOT NULL
);


ALTER TABLE public.table_tgo_operation OWNER TO postgres;

--
-- Name: table_tgo_operation_id_seq; Type: SEQUENCE; Schema: public; Owner: postgres
--

ALTER TABLE public.table_tgo_operation ALTER COLUMN id ADD GENERATED BY DEFAULT AS IDENTITY (
    SEQUENCE NAME public.table_tgo_operation_id_seq
    START WITH 1
    INCREMENT BY 1
    NO MINVALUE
    NO MAXVALUE
    CACHE 1
);


--
-- Name: table_tgo_ressource; Type: TABLE; Schema: public; Owner: postgres
--

CREATE TABLE public.table_tgo_ressource (
    id bigint NOT NULL,
    title character varying(150) NOT NULL,
    office_id bigint NOT NULL
);


ALTER TABLE public.table_tgo_ressource OWNER TO postgres;

--
-- Name: table_tgo_ressource_id_seq; Type: SEQUENCE; Schema: public; Owner: postgres
--

ALTER TABLE public.table_tgo_ressource ALTER COLUMN id ADD GENERATED BY DEFAULT AS IDENTITY (
    SEQUENCE NAME public.table_tgo_ressource_id_seq
    START WITH 1
    INCREMENT BY 1
    NO MINVALUE
    NO MAXVALUE
    CACHE 1
);


--
-- Name: table_tgo_ressourceoperation; Type: TABLE; Schema: public; Owner: postgres
--

CREATE TABLE public.table_tgo_ressourceoperation (
    id bigint NOT NULL,
    count integer NOT NULL,
    ressource_id bigint NOT NULL,
    tgo_object_id bigint NOT NULL,
    tgo_id bigint NOT NULL,
    time_end character varying(8),
    time_lenght character varying(8),
    time_start character varying(8),
    CONSTRAINT table_tgo_ressourceoperation_count_ea57f743_check CHECK ((count >= 0))
);


ALTER TABLE public.table_tgo_ressourceoperation OWNER TO postgres;

--
-- Name: table_tgo_ressourceoperation_id_seq; Type: SEQUENCE; Schema: public; Owner: postgres
--

ALTER TABLE public.table_tgo_ressourceoperation ALTER COLUMN id ADD GENERATED BY DEFAULT AS IDENTITY (
    SEQUENCE NAME public.table_tgo_ressourceoperation_id_seq
    START WITH 1
    INCREMENT BY 1
    NO MINVALUE
    NO MAXVALUE
    CACHE 1
);


--
-- Name: table_tgo_tgo; Type: TABLE; Schema: public; Owner: postgres
--

CREATE TABLE public.table_tgo_tgo (
    id bigint NOT NULL,
    title character varying(150) NOT NULL,
    time_create timestamp with time zone NOT NULL,
    time_update timestamp with time zone NOT NULL,
    author_id integer NOT NULL
);


ALTER TABLE public.table_tgo_tgo OWNER TO postgres;

--
-- Name: table_tgo_tgo_id_seq; Type: SEQUENCE; Schema: public; Owner: postgres
--

ALTER TABLE public.table_tgo_tgo ALTER COLUMN id ADD GENERATED BY DEFAULT AS IDENTITY (
    SEQUENCE NAME public.table_tgo_tgo_id_seq
    START WITH 1
    INCREMENT BY 1
    NO MINVALUE
    NO MAXVALUE
    CACHE 1
);


--
-- Name: table_tgo_tgo_object; Type: TABLE; Schema: public; Owner: postgres
--

CREATE TABLE public.table_tgo_tgo_object (
    id bigint NOT NULL,
    operation_id bigint NOT NULL,
    tgo_id bigint NOT NULL,
    "order" integer NOT NULL,
    time_end character varying(8),
    time_lenght character varying(8),
    time_start character varying(8),
    author_id integer NOT NULL,
    CONSTRAINT table_tgo_tgo_object_order_check CHECK (("order" >= 0))
);


ALTER TABLE public.table_tgo_tgo_object OWNER TO postgres;

--
-- Name: table_tgo_tgo_object_id_seq; Type: SEQUENCE; Schema: public; Owner: postgres
--

ALTER TABLE public.table_tgo_tgo_object ALTER COLUMN id ADD GENERATED BY DEFAULT AS IDENTITY (
    SEQUENCE NAME public.table_tgo_tgo_object_id_seq
    START WITH 1
    INCREMENT BY 1
    NO MINVALUE
    NO MAXVALUE
    CACHE 1
);


--
-- Data for Name: auth_group; Type: TABLE DATA; Schema: public; Owner: postgres
--

COPY public.auth_group (id, name) FROM stdin;
1	editorSNJ
\.


--
-- Data for Name: auth_group_permissions; Type: TABLE DATA; Schema: public; Owner: postgres
--

COPY public.auth_group_permissions (id, group_id, permission_id) FROM stdin;
1	1	42
2	1	43
\.


--
-- Data for Name: auth_permission; Type: TABLE DATA; Schema: public; Owner: postgres
--

COPY public.auth_permission (id, name, content_type_id, codename) FROM stdin;
1	Can add log entry	1	add_logentry
2	Can change log entry	1	change_logentry
3	Can delete log entry	1	delete_logentry
4	Can view log entry	1	view_logentry
5	Can add permission	2	add_permission
6	Can change permission	2	change_permission
7	Can delete permission	2	delete_permission
8	Can view permission	2	view_permission
9	Can add group	3	add_group
10	Can change group	3	change_group
11	Can delete group	3	delete_group
12	Can view group	3	view_group
13	Can add user	4	add_user
14	Can change user	4	change_user
15	Can delete user	4	delete_user
16	Can view user	4	view_user
17	Can add content type	5	add_contenttype
18	Can change content type	5	change_contenttype
19	Can delete content type	5	delete_contenttype
20	Can view content type	5	view_contenttype
21	Can add session	6	add_session
22	Can change session	6	change_session
23	Can delete session	6	delete_session
24	Can view session	6	view_session
25	Can add Человек	7	add_human
26	Can change Человек	7	change_human
27	Can delete Человек	7	delete_human
28	Can view Человек	7	view_human
29	Can add Служба	8	add_office
30	Can change Служба	8	change_office
31	Can delete Служба	8	delete_office
32	Can view Служба	8	view_office
33	Can add Должность	9	add_post
34	Can change Должность	9	change_post
35	Can delete Должность	9	delete_post
36	Can view Должность	9	view_post
37	Can add Причина пропуска	10	add_reason
38	Can change Причина пропуска	10	change_reason
39	Can delete Причина пропуска	10	delete_reason
40	Can view Причина пропуска	10	view_reason
41	Can add Данные пропуска	11	add_schedulenotjob
42	Can change Данные пропуска	11	change_schedulenotjob
43	Can delete Данные пропуска	11	delete_schedulenotjob
44	Can view Данные пропуска	11	view_schedulenotjob
45	Can add Смена	12	add_shift
46	Can change Смена	12	change_shift
47	Can delete Смена	12	delete_shift
48	Can view Смена	12	view_shift
49	Can add Смена	11	add_shift
50	Can change Смена	11	change_shift
51	Can delete Смена	11	delete_shift
52	Can view Смена	11	view_shift
53	Can add Данные пропуска	12	add_schedulenotjob
54	Can change Данные пропуска	12	change_schedulenotjob
55	Can delete Данные пропуска	12	delete_schedulenotjob
56	Can view Данные пропуска	12	view_schedulenotjob
57	Can add Операция	13	add_operation
58	Can change Операция	13	change_operation
59	Can delete Операция	13	delete_operation
60	Can view Операция	13	view_operation
61	Can add Ресурс	14	add_ressource
62	Can change Ресурс	14	change_ressource
63	Can delete Ресурс	14	delete_ressource
64	Can view Ресурс	14	view_ressource
65	Can add Ресурс для операции в ТГО	15	add_ressourceoperation
66	Can change Ресурс для операции в ТГО	15	change_ressourceoperation
67	Can delete Ресурс для операции в ТГО	15	delete_ressourceoperation
68	Can view Ресурс для операции в ТГО	15	view_ressourceoperation
69	Can add ТГО	16	add_tgo
70	Can change ТГО	16	change_tgo
71	Can delete ТГО	16	delete_tgo
72	Can view ТГО	16	view_tgo
73	Can add Объект ТГО	17	add_tgo_object
74	Can change Объект ТГО	17	change_tgo_object
75	Can delete Объект ТГО	17	delete_tgo_object
76	Can view Объект ТГО	17	view_tgo_object
77	Can add Авиакомпания	18	add_airlines
78	Can change Авиакомпания	18	change_airlines
79	Can delete Авиакомпания	18	delete_airlines
80	Can view Авиакомпания	18	view_airlines
81	Can add Воздушное судно	19	add_airplane
82	Can change Воздушное судно	19	change_airplane
83	Can delete Воздушное судно	19	delete_airplane
84	Can view Воздушное судно	19	view_airplane
85	Can add Комплектация воздушного судна	20	add_equipmentairplane
86	Can change Комплектация воздушного судна	20	change_equipmentairplane
87	Can delete Комплектация воздушного судна	20	delete_equipmentairplane
88	Can view Комплектация воздушного судна	20	view_equipmentairplane
89	Can add Тип страны	21	add_typecountry
90	Can change Тип страны	21	change_typecountry
91	Can delete Тип страны	21	delete_typecountry
92	Can view Тип страны	21	view_typecountry
93	Can add Страна	22	add_country
94	Can change Страна	22	change_country
95	Can delete Страна	22	delete_country
96	Can view Страна	22	view_country
97	Can add Город	23	add_city
98	Can change Город	23	change_city
99	Can delete Город	23	delete_city
100	Can view Город	23	view_city
101	Can add Аэропорт	24	add_airport
102	Can change Аэропорт	24	change_airport
103	Can delete Аэропорт	24	delete_airport
104	Can view Аэропорт	24	view_airport
105	Can add Тип рейса	25	add_typeflight
106	Can change Тип рейса	25	change_typeflight
107	Can delete Тип рейса	25	delete_typeflight
108	Can view Тип рейса	25	view_typeflight
109	Can add Рейс	26	add_flight
110	Can change Рейс	26	change_flight
111	Can delete Рейс	26	delete_flight
112	Can view Рейс	26	view_flight
113	Can add Статус расписания	27	add_ttimetablestatus
114	Can change Статус расписания	27	change_ttimetablestatus
115	Can delete Статус расписания	27	delete_ttimetablestatus
116	Can view Статус расписания	27	view_ttimetablestatus
117	Can add Расписание	28	add_ttimetable
118	Can change Расписание	28	change_ttimetable
119	Can delete Расписание	28	delete_ttimetable
120	Can view Расписание	28	view_ttimetable
\.


--
-- Data for Name: auth_user; Type: TABLE DATA; Schema: public; Owner: postgres
--

COPY public.auth_user (id, password, last_login, is_superuser, username, first_name, last_name, email, is_staff, is_active, date_joined) FROM stdin;
2	pbkdf2_sha256$390000$99T9vUGt6YWSpDSudP4gRD$wOWSHn68QlEsTXxvXy15vlviHbSBmQ7kncpoCRV4tOw=	\N	f	sasha				f	t	2023-03-20 02:19:43+00
3	pbkdf2_sha256$390000$1hXQucWLFJcqcvme3ss7Tw$VTkK6C8uG/Eh+mcu3pBxi2JOqvi3VNrxcbn28Qvgaf8=	2023-03-22 04:07:55.749+00	f	sa				f	t	2023-03-20 03:46:50.38+00
4	pbkdf2_sha256$390000$8KkkmVPLqeLc9pAIh3acBS$PhMEMtyG6UYrCIH23vNLuUnIrmrUXL1bfWoZSkOq4w4=	2023-04-17 02:48:11.828586+00	f	msaharbekov@mail.ru			msaharbekov@mail.ru	f	t	2023-04-17 02:46:54.419311+00
1	pbkdf2_sha256$390000$vPfiZWiLBVHotUnzZDx4sr$wFblpDDM3ysKhD4A0ztmbVS4knR19PaPjZDBxnSE1ho=	2023-04-23 06:28:43.587859+00	t	admin				t	t	2023-03-07 10:15:06.59+00
\.


--
-- Data for Name: auth_user_groups; Type: TABLE DATA; Schema: public; Owner: postgres
--

COPY public.auth_user_groups (id, user_id, group_id) FROM stdin;
1	2	1
\.


--
-- Data for Name: auth_user_user_permissions; Type: TABLE DATA; Schema: public; Owner: postgres
--

COPY public.auth_user_user_permissions (id, user_id, permission_id) FROM stdin;
\.


--
-- Data for Name: django_admin_log; Type: TABLE DATA; Schema: public; Owner: postgres
--

COPY public.django_admin_log (id, action_time, object_id, object_repr, action_flag, change_message, content_type_id, user_id) FROM stdin;
1	2023-03-07 10:15:39.306+00	1	ВС	1	[{"added": {}}]	8	1
2	2023-03-07 10:15:41.09+00	2	ОТОП	1	[{"added": {}}]	8	1
3	2023-03-07 10:18:34.716+00	1	Начальник смены	1	[{"added": {}}]	9	1
4	2023-03-07 10:18:42.056+00	2	Младший инженер	1	[{"added": {}}]	9	1
5	2023-03-07 10:18:47.783+00	3	Инженер	1	[{"added": {}}]	9	1
6	2023-03-07 10:18:58.551+00	4	Младший инженер	1	[{"added": {}}]	9	1
7	2023-03-07 10:20:47.87+00	1	Вороничев Андрей Петрович	1	[{"added": {}}]	7	1
8	2023-03-07 10:21:02.127+00	2	Водопьянов Анатолий Сергеевич	1	[{"added": {}}]	7	1
9	2023-03-07 10:21:20.4+00	3	Василенко Александр Викторович	1	[{"added": {}}]	7	1
10	2023-03-07 10:21:35.312+00	4	Бычков Владимир Владимирович	1	[{"added": {}}]	7	1
11	2023-03-07 10:21:52.64+00	5	Бочарников Серегей Владимирвоич	1	[{"added": {}}]	7	1
12	2023-03-07 10:22:09.555+00	6	Бондарь Серегей Павлович	1	[{"added": {}}]	7	1
13	2023-03-07 10:22:26.8+00	7	Белецкий Андрей Николаевич	1	[{"added": {}}]	7	1
14	2023-03-07 10:22:58.937+00	8	Баранов Олег Саввович	1	[{"added": {}}]	7	1
15	2023-03-07 10:23:13.822+00	9	Бакулин Дмитрий Александрович	1	[{"added": {}}]	7	1
16	2023-03-07 10:23:18.375+00	1	Отпуск	1	[{"added": {}}]	10	1
17	2023-03-07 10:24:05.07+00	1	Водопьянов Анатолий Сергеевич	1	[{"added": {}}]	11	1
18	2023-03-07 10:29:17.04+00	2	Водопьянов Анатолий Сергеевич	1	[{"added": {}}]	11	1
19	2023-03-07 10:29:59.966+00	3	Водопьянов Анатолий Сергеевич	1	[{"added": {}}]	11	1
20	2023-03-07 10:30:20.816+00	4	Василенко Александр Викторович	1	[{"added": {}}]	11	1
21	2023-03-07 10:30:42.542+00	5	Василенко Александр Викторович	1	[{"added": {}}]	11	1
22	2023-03-07 10:31:00.38+00	6	Василенко Александр Викторович	1	[{"added": {}}]	11	1
23	2023-03-07 10:31:19.25+00	7	Бычков Владимир Владимирович	1	[{"added": {}}]	11	1
24	2023-03-07 10:31:38.478+00	8	Бычков Владимир Владимирович	1	[{"added": {}}]	11	1
25	2023-03-07 10:32:13.681+00	9	Бондарь Серегей Павлович	1	[{"added": {}}]	11	1
26	2023-03-07 10:32:46.333+00	10	Бондарь Серегей Павлович	1	[{"added": {}}]	11	1
27	2023-03-07 10:33:45.79+00	11	Белецкий Андрей Николаевич	1	[{"added": {}}]	11	1
28	2023-03-07 10:34:04.449+00	12	Белецкий Андрей Николаевич	1	[{"added": {}}]	11	1
29	2023-03-10 04:19:54.569+00	2	Больничный	1	[{"added": {}}]	10	1
30	2023-03-20 03:17:56.779+00	1	editorSNJ	2	[{"changed": {"fields": ["Name", "Permissions"]}}]	3	1
31	2023-03-20 03:18:19.939+00	2	sasha	2	[{"changed": {"fields": ["Groups"]}}]	4	1
32	2023-03-21 10:18:31.694+00	1	1	1	[{"added": {}}]	12	1
33	2023-03-21 10:18:33.347+00	2	2	1	[{"added": {}}]	12	1
34	2023-03-21 10:18:35.027+00	3	3	1	[{"added": {}}]	12	1
35	2023-03-21 10:19:55.055+00	1	5/2	2	[{"changed": {"fields": ["\\u041d\\u0430\\u0437\\u0432\\u0430\\u043d\\u0438\\u0435"]}}]	12	1
36	2023-03-21 10:20:03.946+00	2	2/2	2	[{"changed": {"fields": ["\\u041d\\u0430\\u0437\\u0432\\u0430\\u043d\\u0438\\u0435"]}}]	12	1
37	2023-03-21 10:20:10.006+00	3	6/1	2	[{"changed": {"fields": ["\\u041d\\u0430\\u0437\\u0432\\u0430\\u043d\\u0438\\u0435"]}}]	12	1
38	2023-03-21 10:20:20.783+00	3	6/1	2	[{"changed": {"fields": ["\\u041e\\u043f\\u0438\\u0441\\u0430\\u043d\\u0438\\u0435"]}}]	12	1
39	2023-03-21 10:20:26.177+00	2	2/2	2	[{"changed": {"fields": ["\\u041e\\u043f\\u0438\\u0441\\u0430\\u043d\\u0438\\u0435"]}}]	12	1
40	2023-03-21 10:20:31.212+00	1	5/2	2	[{"changed": {"fields": ["\\u041e\\u043f\\u0438\\u0441\\u0430\\u043d\\u0438\\u0435"]}}]	12	1
41	2023-03-21 10:21:35.195+00	3	6/1	2	[{"changed": {"fields": ["\\u041e\\u043f\\u0438\\u0441\\u0430\\u043d\\u0438\\u0435"]}}]	12	1
42	2023-03-21 12:40:18.338+00	1	Отпуск	2	[{"changed": {"fields": ["\\u0426\\u0438\\u0444\\u0440\\u043e\\u0432\\u043e\\u0439 \\u043a\\u043e\\u0434", "\\u0421\\u0438\\u0432\\u043e\\u043b\\u044c\\u043d\\u044b\\u0439 \\u043a\\u043e\\u0434"]}}]	10	1
43	2023-03-21 12:40:45.806+00	2	Больничный	2	[{"changed": {"fields": ["\\u0426\\u0438\\u0444\\u0440\\u043e\\u0432\\u043e\\u0439 \\u043a\\u043e\\u0434", "\\u0421\\u0438\\u0432\\u043e\\u043b\\u044c\\u043d\\u044b\\u0439 \\u043a\\u043e\\u0434"]}}]	10	1
44	2023-03-21 12:42:00.922+00	1	Отпуск	2	[{"changed": {"fields": ["\\u0426\\u0438\\u0444\\u0440\\u043e\\u0432\\u043e\\u0439 \\u043a\\u043e\\u0434"]}}]	10	1
45	2023-03-21 12:42:05.596+00	2	Больничный	2	[{"changed": {"fields": ["\\u0426\\u0438\\u0444\\u0440\\u043e\\u0432\\u043e\\u0439 \\u043a\\u043e\\u0434"]}}]	10	1
46	2023-04-17 02:10:18.25705+00	1	АС	2	[{"changed": {"fields": ["\\u0421\\u043b\\u0443\\u0436\\u0431\\u0430"]}}]	8	1
47	2023-04-17 02:10:23.189673+00	2	ТЭК	2	[{"changed": {"fields": ["\\u0421\\u043b\\u0443\\u0436\\u0431\\u0430"]}}]	8	1
48	2023-04-17 02:10:36.311183+00	3	ЭВС	1	[{"added": {}}]	8	1
49	2023-04-17 02:10:38.556715+00	4	СТО	1	[{"added": {}}]	8	1
50	2023-04-17 02:10:43.241193+00	5	СНО ВС	1	[{"added": {}}]	8	1
51	2023-04-17 02:10:46.283597+00	6	САБ	1	[{"added": {}}]	8	1
52	2023-04-17 02:10:49.887608+00	7	СОПП	1	[{"added": {}}]	8	1
53	2023-04-17 02:11:00.772366+00	8	СПиУП	1	[{"added": {}}]	8	1
54	2023-04-17 02:11:03.45484+00	9	АУП	1	[{"added": {}}]	8	1
55	2023-04-17 02:11:21.887366+00	4	Начальник	2	[{"changed": {"fields": ["\\u0421\\u043b\\u0443\\u0436\\u0431\\u0430", "\\u0414\\u043e\\u043b\\u0436\\u043d\\u043e\\u0441\\u0442\\u044c"]}}]	9	1
56	2023-04-17 02:11:30.182692+00	3	Начальник	2	[{"changed": {"fields": ["\\u0421\\u043b\\u0443\\u0436\\u0431\\u0430", "\\u0414\\u043e\\u043b\\u0436\\u043d\\u043e\\u0441\\u0442\\u044c"]}}]	9	1
57	2023-04-17 02:11:45.461195+00	2	ПЗГД	2	[{"changed": {"fields": ["\\u0421\\u043b\\u0443\\u0436\\u0431\\u0430", "\\u0414\\u043e\\u043b\\u0436\\u043d\\u043e\\u0441\\u0442\\u044c"]}}]	9	1
58	2023-04-17 02:11:54.199928+00	1	ГД	2	[{"changed": {"fields": ["\\u0421\\u043b\\u0443\\u0436\\u0431\\u0430", "\\u0414\\u043e\\u043b\\u0436\\u043d\\u043e\\u0441\\u0442\\u044c"]}}]	9	1
59	2023-04-17 02:12:05.408158+00	9	Бакулин Дмитрий Александрович	3		7	1
60	2023-04-17 02:12:05.427112+00	8	Баранов Олег Саввович	3		7	1
61	2023-04-17 02:12:05.427112+00	7	Белецкий Андрей Николаевич	3		7	1
62	2023-04-17 02:12:05.427112+00	6	Бондарь Серегей Павлович	3		7	1
63	2023-04-17 02:12:05.432142+00	5	Бочарников Серегей Владимирвоич	3		7	1
64	2023-04-17 02:12:05.432142+00	4	Бычков Владимир Владимирович	3		7	1
65	2023-04-17 02:12:05.432142+00	3	Василенко Александр Викторович	3		7	1
66	2023-04-17 02:12:05.440259+00	2	Водопьянов Анатолий Сергеевич	3		7	1
67	2023-04-17 02:12:05.440259+00	1	Вороничев Андрей Петрович	3		7	1
68	2023-04-17 02:12:21.759427+00	10	Сарана ММ	1	[{"added": {}}]	7	1
69	2023-04-17 02:12:30.764989+00	11	Григорович ЭВ	1	[{"added": {}}]	7	1
70	2023-04-17 02:12:38.822328+00	12	Акулинин ВС	1	[{"added": {}}]	7	1
71	2023-04-17 02:12:48.35863+00	13	Чуев РВ	1	[{"added": {}}]	7	1
72	2023-04-17 02:13:17.848881+00	3	Командировка	1	[{"added": {}}]	10	1
73	2023-04-17 02:13:29.072796+00	3	6/1	3		11	1
74	2023-04-17 02:13:29.084299+00	2	2/2	3		11	1
75	2023-04-17 02:13:38.588592+00	1	5/2	2	[{"changed": {"fields": ["\\u041e\\u043f\\u0438\\u0441\\u0430\\u043d\\u0438\\u0435"]}}]	11	1
76	2023-04-17 02:15:14.674959+00	11	Григорович ЭВ	2	[{"changed": {"fields": ["\\u0421\\u043b\\u0443\\u0436\\u0431\\u0430"]}}]	7	1
77	2023-04-17 02:15:47.771466+00	13	Чуев РВ	2	[{"changed": {"fields": ["\\u0421\\u043b\\u0443\\u0436\\u0431\\u0430"]}}]	7	1
78	2023-04-17 02:43:00.806678+00	1	Внешний круговой осмотр ВС	1	[{"added": {}}]	13	1
79	2023-04-17 02:43:03.70681+00	2	Встреча ВС	1	[{"added": {}}]	13	1
80	2023-04-17 02:43:07.081298+00	3	Высадка пассажиров	1	[{"added": {}}]	13	1
81	2023-04-17 02:43:13.139195+00	4	Готовность ВС	1	[{"added": {}}]	13	1
82	2023-04-17 02:43:17.13978+00	5	Досмотр ВС	1	[{"added": {}}]	13	1
83	2023-04-17 02:43:20.327421+00	6	Доставка пассажиров от АВК к ВС	1	[{"added": {}}]	13	1
84	2023-04-17 02:43:23.763145+00	7	Доставка пассажиров от ВС к АВК	1	[{"added": {}}]	13	1
85	2023-04-17 02:43:31.214797+00	8	Загрузка багажа	1	[{"added": {}}]	13	1
86	2023-04-17 02:43:33.027382+00	9	Загрузка груза/почты	1	[{"added": {}}]	13	1
87	2023-04-17 02:43:36.109458+00	10	Закрытие двери ВС	1	[{"added": {}}]	13	1
88	2023-04-17 02:43:39.13955+00	11	Заправка ВС топливом	1	[{"added": {}}]	13	1
89	2023-04-17 02:43:42.672699+00	12	Обеспечение авиационной безопасности	1	[{"added": {}}]	13	1
90	2023-04-17 02:43:46.189975+00	13	Окончание	1	[{"added": {}}]	13	1
91	2023-04-17 02:43:50.20976+00	14	Отгон пассажирского трапа от ВС	1	[{"added": {}}]	13	1
92	2023-04-17 02:43:53.738275+00	15	Оформление документов на борту ВС	1	[{"added": {}}]	13	1
93	2023-04-17 02:43:57.527546+00	16	Погрузка маломобильных пассажиров в ВС	1	[{"added": {}}]	13	1
94	2023-04-17 02:44:04.470172+00	17	Подача автобуса	1	[{"added": {}}]	13	1
95	2023-04-17 02:44:08.150142+00	18	Подгон пассажирского трапа к ВС	1	[{"added": {}}]	13	1
96	2023-04-17 02:44:11.479908+00	19	Подключение и использование НИЭП	1	[{"added": {}}]	13	1
97	2023-04-17 02:44:15.011143+00	20	Посадка пассажиров в ВС	1	[{"added": {}}]	13	1
98	2023-04-17 02:44:18.547112+00	21	Посадка пассажиров на гейте	1	[{"added": {}}]	13	1
99	2023-04-17 02:44:22.200332+00	22	Предварительная готовность ВС	1	[{"added": {}}]	13	1
100	2023-04-17 02:44:25.608186+00	23	Разгрузка багажа	1	[{"added": {}}]	13	1
101	2023-04-17 02:44:31.679836+00	24	Разгрузка груза/почты	1	[{"added": {}}]	13	1
102	2023-04-17 02:44:31.869339+00	25	Разгрузка груза/почты	1	[{"added": {}}]	13	1
103	2023-04-17 02:44:35.579622+00	26	Снятие маломобильных пассажиров из ВС	1	[{"added": {}}]	13	1
104	2023-04-17 02:44:43.821285+00	27	Уборка конусов безопсности	1	[{"added": {}}]	13	1
105	2023-04-17 02:44:47.687465+00	28	Уборка упорных колодок	1	[{"added": {}}]	13	1
106	2023-04-17 02:44:51.860106+00	29	Установка конусов безопасности	1	[{"added": {}}]	13	1
107	2023-04-17 02:44:55.529775+00	30	Установка упорных колодок	1	[{"added": {}}]	13	1
108	2023-04-17 02:45:13.62003+00	1	Бортпроводник	1	[{"added": {}}]	14	1
109	2023-04-17 02:45:20.400075+00	2	Водитель трапа	1	[{"added": {}}]	14	1
110	2023-04-17 02:45:25.849758+00	3	Место стоянки ВС	1	[{"added": {}}]	14	1
111	2023-04-17 02:45:31.680335+00	4	Приемосдатчик 1	1	[{"added": {}}]	14	1
112	2023-04-17 02:45:41.439443+00	5	Приемосдатчик 2	1	[{"added": {}}]	14	1
113	2023-04-17 02:45:51.480153+00	6	Приемосдатчик 3	1	[{"added": {}}]	14	1
114	2023-04-17 02:46:00.105754+00	7	Приемосдатчик 4	1	[{"added": {}}]	14	1
115	2023-04-17 02:46:05.650097+00	8	Сотрудник САБ	1	[{"added": {}}]	14	1
116	2023-04-17 02:46:13.004987+00	9	Техник 1	1	[{"added": {}}]	14	1
117	2023-04-17 02:46:17.469776+00	10	Техник 2	1	[{"added": {}}]	14	1
118	2023-04-17 02:46:21.900164+00	11	Трап пассажирский	1	[{"added": {}}]	14	1
\.


--
-- Data for Name: django_content_type; Type: TABLE DATA; Schema: public; Owner: postgres
--

COPY public.django_content_type (id, app_label, model) FROM stdin;
1	admin	logentry
2	auth	permission
3	auth	group
4	auth	user
5	contenttypes	contenttype
6	sessions	session
7	table	human
8	table	office
9	table	post
10	table	reason
11	table	shift
12	table	schedulenotjob
13	table_tgo	operation
14	table_tgo	ressource
15	table_tgo	ressourceoperation
16	table_tgo	tgo
17	table_tgo	tgo_object
18	timetable	airlines
19	timetable	airplane
20	timetable	equipmentairplane
21	timetable	typecountry
22	timetable	country
23	timetable	city
24	timetable	airport
25	timetable	typeflight
26	timetable	flight
27	timetable	ttimetablestatus
28	timetable	ttimetable
\.


--
-- Data for Name: django_migrations; Type: TABLE DATA; Schema: public; Owner: postgres
--

COPY public.django_migrations (id, app, name, applied) FROM stdin;
1	contenttypes	0001_initial	2023-03-22 08:57:43.490953+00
2	auth	0001_initial	2023-03-22 08:57:43.548897+00
3	admin	0001_initial	2023-03-22 08:57:43.564691+00
4	admin	0002_logentry_remove_auto_add	2023-03-22 08:57:43.569687+00
5	admin	0003_logentry_add_action_flag_choices	2023-03-22 08:57:43.576693+00
6	contenttypes	0002_remove_content_type_name	2023-03-22 08:57:43.587671+00
7	auth	0002_alter_permission_name_max_length	2023-03-22 08:57:43.594347+00
8	auth	0003_alter_user_email_max_length	2023-03-22 08:57:43.602265+00
9	auth	0004_alter_user_username_opts	2023-03-22 08:57:43.607914+00
10	auth	0005_alter_user_last_login_null	2023-03-22 08:57:43.615285+00
11	auth	0006_require_contenttypes_0002	2023-03-22 08:57:43.617268+00
12	auth	0007_alter_validators_add_error_messages	2023-03-22 08:57:43.623285+00
13	auth	0008_alter_user_username_max_length	2023-03-22 08:57:43.635363+00
14	auth	0009_alter_user_last_name_max_length	2023-03-22 08:57:43.642339+00
15	auth	0010_alter_group_name_max_length	2023-03-22 08:57:43.649345+00
16	auth	0011_update_proxy_permissions	2023-03-22 08:57:43.654345+00
17	auth	0012_alter_user_first_name_max_length	2023-03-22 08:57:43.662429+00
18	sessions	0001_initial	2023-03-22 08:57:43.673427+00
19	table	0001_initial	2023-03-22 08:57:43.738813+00
20	table	0002_alter_human_post_alter_schedulenotjob_human_and_more	2023-04-17 02:06:48.276456+00
21	table_tgo	0001_initial	2023-04-17 02:06:48.403853+00
22	table_tgo	0002_ressourceoperation_tgo_and_more	2023-04-17 02:06:48.437339+00
23	table_tgo	0003_alter_ressourceoperation_tgo_object	2023-04-17 02:06:48.445264+00
24	table_tgo	0004_alter_ressourceoperation_ressource_and_more	2023-04-17 02:06:48.461263+00
25	table_tgo	0005_alter_ressourceoperation_options_alter_tgo_options_and_more	2023-04-17 02:06:48.490702+00
26	table_tgo	0006_officemembers_tgo_object_office	2023-04-17 02:06:48.512748+00
27	table_tgo	0007_remove_ressourceoperation_office_and_more	2023-04-17 02:06:48.545334+00
28	table_tgo	0008_alter_tgo_object_options_tgo_object_order	2023-04-17 02:06:48.561328+00
29	table_tgo	0009_alter_ressourceoperation_count	2023-04-17 02:06:48.577373+00
30	table_tgo	0010_ressourceoperation_time_end_and_more	2023-04-17 02:06:48.597443+00
31	table_tgo	0011_alter_ressourceoperation_time_end_and_more	2023-04-17 02:06:48.621523+00
32	table_tgo	0012_alter_operation_options_alter_ressource_options_and_more	2023-04-17 02:06:48.663004+00
33	table_tgo	0013_rename_user_tgo_author_rename_user_tgo_object_author	2023-04-17 02:06:48.687648+00
34	table_tgo	0014_alter_ressourceoperation_tgo_object	2023-04-17 02:06:48.711651+00
\.


--
-- Data for Name: django_session; Type: TABLE DATA; Schema: public; Owner: postgres
--

COPY public.django_session (session_key, session_data, expire_date) FROM stdin;
7n02swthmxpbg4l6r68ehipiilf66mhy	.eJxVjDEOwjAMRe-SGUVxsZOWkb1nqBw7IgWUSE07Ie4OlTrA-t97_2Um3tY8bS0t06zmYsCcfrfI8khlB3rncqtWalmXOdpdsQdtdqyantfD_TvI3PK39orA2CF4SBTCoIMTcdFhAgKnhKKMqUeKPnhEDSJKZ0IO2ncxePP-AMRSNzw:1pZUM1:6pyBNd-xjqH2UYInw-owl3FzM4RT9bbo5cICBDXYtmc	2023-03-21 10:15:33.355+00
bjy920rmhy578ln4pqesycol9zvfsvls	.eJxVjEEOwiAQRe_C2hCYKaAu3fcMBGZAqgaS0q6Md7dNutDte-__t_BhXYpfe5r9xOIqUJx-WQz0THUX_Aj13iS1usxTlHsiD9vl2Di9bkf7d1BCL9saNGM2QI5SMqTI2ZAG5gGcviiHClyOOhATAJ4REaJFMhuwGVgrIz5f6uo34g:1peplT:mAntgoigHus_ggV1Ax6J6qdCNMZyjb3iZw2D1uf-vOs	2023-04-05 04:07:55.757+00
vci7661qq88k5527qxnphkuwusziz1i3	.eJxVjDEOwjAMRe-SGUVxsZOWkb1nqBw7IgWUSE07Ie4OlTrA-t97_2Um3tY8bS0t06zmYsCcfrfI8khlB3rncqtWalmXOdpdsQdtdqyantfD_TvI3PK39orA2CF4SBTCoIMTcdFhAgKnhKKMqUeKPnhEDSJKZ0IO2ncxePP-AMRSNzw:1pe600:dp55ITXUCDW3Ejb_cXvaVe3bwLRQnjtbP4190udaXaA	2023-04-03 03:15:52.769+00
2wmd0q4ua3hi62pzkj89fvcn43k6ox50	.eJxVjMsOwiAQRf-FtSFQhkdduvcbyMwAUjU0Ke3K-O_apAvd3nPOfYmI21rj1vMSpyTOAsTpdyPkR247SHdst1ny3NZlIrkr8qBdXueUn5fD_Tuo2Ou3LpbYOeUKWhohh4HYGDCatE1Wm8Gh8gqByQYOYMgpVTykERF8Co7F-wPcLjeV:1poEuZ:vcJHuZykz2x3BP5lBp1D3zZYFakyMDo35hoWdPWfCgU	2023-05-01 02:48:11.850126+00
j6bkxqtme4lqrwc1b99jd4a8614x8280	.eJxVjDEOwjAMRe-SGUVxsZOWkb1nqBw7IgWUSE07Ie4OlTrA-t97_2Um3tY8bS0t06zmYsCcfrfI8khlB3rncqtWalmXOdpdsQdtdqyantfD_TvI3PK39orA2CF4SBTCoIMTcdFhAgKnhKKMqUeKPnhEDSJKZ0IO2ncxePP-AMRSNzw:1pqSxF:5cmzOJnSl6uVhMBlxAqfRkmUvBbl-t4nAYRBdMbwGZs	2023-05-07 06:12:09.841138+00
oagtxptji98t6nzvqad80c6jgysroka5	.eJxVjDEOwjAMRe-SGUVxsZOWkb1nqBw7IgWUSE07Ie4OlTrA-t97_2Um3tY8bS0t06zmYsCcfrfI8khlB3rncqtWalmXOdpdsQdtdqyantfD_TvI3PK39orA2CF4SBTCoIMTcdFhAgKnhKKMqUeKPnhEDSJKZ0IO2ncxePP-AMRSNzw:1pqTDH:QXu9fjG5y6DPfHAT5idjo_u-n9ORmu1-dvdkKdmpGg0	2023-05-07 06:28:43.591649+00
\.


--
-- Data for Name: table_human; Type: TABLE DATA; Schema: public; Owner: postgres
--

COPY public.table_human (id, initials, office_id, post_id) FROM stdin;
10	Сарана ММ	7	3
12	Акулинин ВС	9	2
11	Григорович ЭВ	8	4
13	Чуев РВ	9	1
\.


--
-- Data for Name: table_office; Type: TABLE DATA; Schema: public; Owner: postgres
--

COPY public.table_office (id, title) FROM stdin;
1	АС
2	ТЭК
3	ЭВС
4	СТО
5	СНО ВС
6	САБ
7	СОПП
8	СПиУП
9	АУП
\.


--
-- Data for Name: table_post; Type: TABLE DATA; Schema: public; Owner: postgres
--

COPY public.table_post (id, title, office_id) FROM stdin;
4	Начальник	7
3	Начальник	8
2	ПЗГД	9
1	ГД	9
\.


--
-- Data for Name: table_reason; Type: TABLE DATA; Schema: public; Owner: postgres
--

COPY public.table_reason (id, digital_code, character_code, title) FROM stdin;
1	01	__отпуск__	Отпуск
2	02	__health__	Больничный
3	03	_bis.trip	Командировка
\.


--
-- Data for Name: table_schedulenotjob; Type: TABLE DATA; Schema: public; Owner: postgres
--

COPY public.table_schedulenotjob (id, comment, length_time, date_start, date_end, human_id, office_id, post_id, reason_id, shift_id) FROM stdin;
19		10	2023-03-31	2023-04-09	13	9	1	3	1
20		5	2023-10-09	2023-10-13	13	9	1	1	1
21		18	2023-05-02	2023-05-19	13	9	1	1	1
22		14	2023-01-09	2023-01-22	13	9	1	1	1
23		7	2023-04-11	2023-04-17	12	9	2	3	1
24		17	2023-09-01	2023-09-17	12	9	2	1	1
25		14	2023-05-22	2023-06-04	12	9	2	1	1
26		14	2023-10-16	2023-10-29	11	8	4	1	1
27		11	2023-02-24	2023-03-06	13	9	1	1	1
28		3	2023-03-15	2023-03-17	11	8	4	1	1
29		15	2023-04-06	2023-04-20	10	7	3	2	1
30		3	2023-12-25	2023-12-27	10	7	3	2	1
31		2	2023-12-10	2023-12-11	10	7	3	3	1
32		4	2023-03-07	2023-03-10	10	7	3	1	1
33		16	2023-10-30	2023-11-14	10	7	3	1	1
34		7	2023-09-18	2023-09-24	10	7	3	1	1
35		5	2023-04-10	2023-04-14	10	7	3	1	1
\.


--
-- Data for Name: table_shift; Type: TABLE DATA; Schema: public; Owner: postgres
--

COPY public.table_shift (id, title, description) FROM stdin;
1	5/2	Пятидневка
\.


--
-- Data for Name: table_tgo_operation; Type: TABLE DATA; Schema: public; Owner: postgres
--

COPY public.table_tgo_operation (id, title) FROM stdin;
1	Внешний круговой осмотр ВС
2	Встреча ВС
3	Высадка пассажиров
4	Готовность ВС
5	Досмотр ВС
6	Доставка пассажиров от АВК к ВС
7	Доставка пассажиров от ВС к АВК
8	Загрузка багажа
9	Загрузка груза/почты
10	Закрытие двери ВС
11	Заправка ВС топливом
12	Обеспечение авиационной безопасности
13	Окончание
14	Отгон пассажирского трапа от ВС
15	Оформление документов на борту ВС
16	Погрузка маломобильных пассажиров в ВС
17	Подача автобуса
18	Подгон пассажирского трапа к ВС
19	Подключение и использование НИЭП
20	Посадка пассажиров в ВС
21	Посадка пассажиров на гейте
22	Предварительная готовность ВС
23	Разгрузка багажа
24	Разгрузка груза/почты
25	Разгрузка груза/почты
26	Снятие маломобильных пассажиров из ВС
27	Уборка конусов безопсности
28	Уборка упорных колодок
29	Установка конусов безопасности
30	Установка упорных колодок
\.


--
-- Data for Name: table_tgo_ressource; Type: TABLE DATA; Schema: public; Owner: postgres
--

COPY public.table_tgo_ressource (id, title, office_id) FROM stdin;
1	Бортпроводник	7
2	Водитель трапа	4
3	Место стоянки ВС	1
4	Приемосдатчик 1	7
5	Приемосдатчик 2	7
6	Приемосдатчик 3	7
7	Приемосдатчик 4	7
8	Сотрудник САБ	6
9	Техник 1	5
10	Техник 2	5
11	Трап пассажирский	4
\.


--
-- Data for Name: table_tgo_ressourceoperation; Type: TABLE DATA; Schema: public; Owner: postgres
--

COPY public.table_tgo_ressourceoperation (id, count, ressource_id, tgo_object_id, tgo_id, time_end, time_lenght, time_start) FROM stdin;
1	1	1	1	1	=E2+G2	2	=F1
5	1	11	1	1	=E3+G3	3	=F1
2	2	3	2	1	=E5+G5	2	=F4
4	2	2	3	1	=E5+G5	2	=F9
3	3	8	4	1	=E5+G5	2	=F4
6	1	1	9	4	=E2+G2	2	=F1
7	1	11	9	4	=E3+G3	3	=F1
8	2	3	10	4	=E5+G5	2	=F4
9	2	2	11	4	=E5+G5	2	=F9
10	3	8	12	4	=E5+G5	2	=F4
\.


--
-- Data for Name: table_tgo_tgo; Type: TABLE DATA; Schema: public; Owner: postgres
--

COPY public.table_tgo_tgo (id, title, time_create, time_update, author_id) FROM stdin;
1	ТГО Тестовый	2023-04-17 02:48:27.629669+00	2023-04-17 02:48:27.629669+00	4
3	копия_ТГО Тестовый	2023-04-17 03:04:39.491129+00	2023-04-17 03:04:39.491129+00	4
4	полная_копия_ТГО Тестовый	2023-04-17 03:04:45.920894+00	2023-04-17 03:04:45.920894+00	4
\.


--
-- Data for Name: table_tgo_tgo_object; Type: TABLE DATA; Schema: public; Owner: postgres
--

COPY public.table_tgo_tgo_object (id, operation_id, tgo_id, "order", time_end, time_lenght, time_start, author_id) FROM stdin;
1	1	1	1	=E1+G1	1	0	4
2	2	1	2	=E4+G4	1	=F1	4
3	3	1	3	=E4+G4	1	=F1	4
4	4	1	4	=E4+G4	1	=F1	4
5	1	3	1	0	0	0	4
6	2	3	2	0	0	0	4
7	3	3	3	0	0	0	4
8	4	3	4	0	0	0	4
9	1	4	1	=E1+G1	1	0	4
10	2	4	2	=E4+G4	1	=F1	4
11	3	4	3	=E4+G4	1	=F1	4
12	4	4	4	=E4+G4	1	=F1	4
\.


--
-- Name: auth_group_id_seq; Type: SEQUENCE SET; Schema: public; Owner: postgres
--

SELECT pg_catalog.setval('public.auth_group_id_seq', 1, true);


--
-- Name: auth_group_permissions_id_seq; Type: SEQUENCE SET; Schema: public; Owner: postgres
--

SELECT pg_catalog.setval('public.auth_group_permissions_id_seq', 2, true);


--
-- Name: auth_permission_id_seq; Type: SEQUENCE SET; Schema: public; Owner: postgres
--

SELECT pg_catalog.setval('public.auth_permission_id_seq', 120, true);


--
-- Name: auth_user_groups_id_seq; Type: SEQUENCE SET; Schema: public; Owner: postgres
--

SELECT pg_catalog.setval('public.auth_user_groups_id_seq', 1, true);


--
-- Name: auth_user_id_seq; Type: SEQUENCE SET; Schema: public; Owner: postgres
--

SELECT pg_catalog.setval('public.auth_user_id_seq', 4, true);


--
-- Name: auth_user_user_permissions_id_seq; Type: SEQUENCE SET; Schema: public; Owner: postgres
--

SELECT pg_catalog.setval('public.auth_user_user_permissions_id_seq', 1, false);


--
-- Name: django_admin_log_id_seq; Type: SEQUENCE SET; Schema: public; Owner: postgres
--

SELECT pg_catalog.setval('public.django_admin_log_id_seq', 118, true);


--
-- Name: django_content_type_id_seq; Type: SEQUENCE SET; Schema: public; Owner: postgres
--

SELECT pg_catalog.setval('public.django_content_type_id_seq', 28, true);


--
-- Name: django_migrations_id_seq; Type: SEQUENCE SET; Schema: public; Owner: postgres
--

SELECT pg_catalog.setval('public.django_migrations_id_seq', 34, true);


--
-- Name: table_human_id_seq; Type: SEQUENCE SET; Schema: public; Owner: postgres
--

SELECT pg_catalog.setval('public.table_human_id_seq', 13, true);


--
-- Name: table_office_id_seq; Type: SEQUENCE SET; Schema: public; Owner: postgres
--

SELECT pg_catalog.setval('public.table_office_id_seq', 9, true);


--
-- Name: table_post_id_seq; Type: SEQUENCE SET; Schema: public; Owner: postgres
--

SELECT pg_catalog.setval('public.table_post_id_seq', 4, true);


--
-- Name: table_reason_id_seq; Type: SEQUENCE SET; Schema: public; Owner: postgres
--

SELECT pg_catalog.setval('public.table_reason_id_seq', 3, true);


--
-- Name: table_schedulenotjob_id_seq; Type: SEQUENCE SET; Schema: public; Owner: postgres
--

SELECT pg_catalog.setval('public.table_schedulenotjob_id_seq', 35, true);


--
-- Name: table_shift_id_seq; Type: SEQUENCE SET; Schema: public; Owner: postgres
--

SELECT pg_catalog.setval('public.table_shift_id_seq', 3, true);


--
-- Name: table_tgo_operation_id_seq; Type: SEQUENCE SET; Schema: public; Owner: postgres
--

SELECT pg_catalog.setval('public.table_tgo_operation_id_seq', 30, true);


--
-- Name: table_tgo_ressource_id_seq; Type: SEQUENCE SET; Schema: public; Owner: postgres
--

SELECT pg_catalog.setval('public.table_tgo_ressource_id_seq', 11, true);


--
-- Name: table_tgo_ressourceoperation_id_seq; Type: SEQUENCE SET; Schema: public; Owner: postgres
--

SELECT pg_catalog.setval('public.table_tgo_ressourceoperation_id_seq', 10, true);


--
-- Name: table_tgo_tgo_id_seq; Type: SEQUENCE SET; Schema: public; Owner: postgres
--

SELECT pg_catalog.setval('public.table_tgo_tgo_id_seq', 4, true);


--
-- Name: table_tgo_tgo_object_id_seq; Type: SEQUENCE SET; Schema: public; Owner: postgres
--

SELECT pg_catalog.setval('public.table_tgo_tgo_object_id_seq', 12, true);


--
-- Name: auth_group auth_group_name_key; Type: CONSTRAINT; Schema: public; Owner: postgres
--

ALTER TABLE ONLY public.auth_group
    ADD CONSTRAINT auth_group_name_key UNIQUE (name);


--
-- Name: auth_group_permissions auth_group_permissions_group_id_permission_id_0cd325b0_uniq; Type: CONSTRAINT; Schema: public; Owner: postgres
--

ALTER TABLE ONLY public.auth_group_permissions
    ADD CONSTRAINT auth_group_permissions_group_id_permission_id_0cd325b0_uniq UNIQUE (group_id, permission_id);


--
-- Name: auth_group_permissions auth_group_permissions_pkey; Type: CONSTRAINT; Schema: public; Owner: postgres
--

ALTER TABLE ONLY public.auth_group_permissions
    ADD CONSTRAINT auth_group_permissions_pkey PRIMARY KEY (id);


--
-- Name: auth_group auth_group_pkey; Type: CONSTRAINT; Schema: public; Owner: postgres
--

ALTER TABLE ONLY public.auth_group
    ADD CONSTRAINT auth_group_pkey PRIMARY KEY (id);


--
-- Name: auth_permission auth_permission_content_type_id_codename_01ab375a_uniq; Type: CONSTRAINT; Schema: public; Owner: postgres
--

ALTER TABLE ONLY public.auth_permission
    ADD CONSTRAINT auth_permission_content_type_id_codename_01ab375a_uniq UNIQUE (content_type_id, codename);


--
-- Name: auth_permission auth_permission_pkey; Type: CONSTRAINT; Schema: public; Owner: postgres
--

ALTER TABLE ONLY public.auth_permission
    ADD CONSTRAINT auth_permission_pkey PRIMARY KEY (id);


--
-- Name: auth_user_groups auth_user_groups_pkey; Type: CONSTRAINT; Schema: public; Owner: postgres
--

ALTER TABLE ONLY public.auth_user_groups
    ADD CONSTRAINT auth_user_groups_pkey PRIMARY KEY (id);


--
-- Name: auth_user_groups auth_user_groups_user_id_group_id_94350c0c_uniq; Type: CONSTRAINT; Schema: public; Owner: postgres
--

ALTER TABLE ONLY public.auth_user_groups
    ADD CONSTRAINT auth_user_groups_user_id_group_id_94350c0c_uniq UNIQUE (user_id, group_id);


--
-- Name: auth_user auth_user_pkey; Type: CONSTRAINT; Schema: public; Owner: postgres
--

ALTER TABLE ONLY public.auth_user
    ADD CONSTRAINT auth_user_pkey PRIMARY KEY (id);


--
-- Name: auth_user_user_permissions auth_user_user_permissions_pkey; Type: CONSTRAINT; Schema: public; Owner: postgres
--

ALTER TABLE ONLY public.auth_user_user_permissions
    ADD CONSTRAINT auth_user_user_permissions_pkey PRIMARY KEY (id);


--
-- Name: auth_user_user_permissions auth_user_user_permissions_user_id_permission_id_14a6b632_uniq; Type: CONSTRAINT; Schema: public; Owner: postgres
--

ALTER TABLE ONLY public.auth_user_user_permissions
    ADD CONSTRAINT auth_user_user_permissions_user_id_permission_id_14a6b632_uniq UNIQUE (user_id, permission_id);


--
-- Name: auth_user auth_user_username_key; Type: CONSTRAINT; Schema: public; Owner: postgres
--

ALTER TABLE ONLY public.auth_user
    ADD CONSTRAINT auth_user_username_key UNIQUE (username);


--
-- Name: django_admin_log django_admin_log_pkey; Type: CONSTRAINT; Schema: public; Owner: postgres
--

ALTER TABLE ONLY public.django_admin_log
    ADD CONSTRAINT django_admin_log_pkey PRIMARY KEY (id);


--
-- Name: django_content_type django_content_type_app_label_model_76bd3d3b_uniq; Type: CONSTRAINT; Schema: public; Owner: postgres
--

ALTER TABLE ONLY public.django_content_type
    ADD CONSTRAINT django_content_type_app_label_model_76bd3d3b_uniq UNIQUE (app_label, model);


--
-- Name: django_content_type django_content_type_pkey; Type: CONSTRAINT; Schema: public; Owner: postgres
--

ALTER TABLE ONLY public.django_content_type
    ADD CONSTRAINT django_content_type_pkey PRIMARY KEY (id);


--
-- Name: django_migrations django_migrations_pkey; Type: CONSTRAINT; Schema: public; Owner: postgres
--

ALTER TABLE ONLY public.django_migrations
    ADD CONSTRAINT django_migrations_pkey PRIMARY KEY (id);


--
-- Name: django_session django_session_pkey; Type: CONSTRAINT; Schema: public; Owner: postgres
--

ALTER TABLE ONLY public.django_session
    ADD CONSTRAINT django_session_pkey PRIMARY KEY (session_key);


--
-- Name: table_human table_human_pkey; Type: CONSTRAINT; Schema: public; Owner: postgres
--

ALTER TABLE ONLY public.table_human
    ADD CONSTRAINT table_human_pkey PRIMARY KEY (id);


--
-- Name: table_office table_office_pkey; Type: CONSTRAINT; Schema: public; Owner: postgres
--

ALTER TABLE ONLY public.table_office
    ADD CONSTRAINT table_office_pkey PRIMARY KEY (id);


--
-- Name: table_post table_post_pkey; Type: CONSTRAINT; Schema: public; Owner: postgres
--

ALTER TABLE ONLY public.table_post
    ADD CONSTRAINT table_post_pkey PRIMARY KEY (id);


--
-- Name: table_reason table_reason_pkey; Type: CONSTRAINT; Schema: public; Owner: postgres
--

ALTER TABLE ONLY public.table_reason
    ADD CONSTRAINT table_reason_pkey PRIMARY KEY (id);


--
-- Name: table_schedulenotjob table_schedulenotjob_pkey; Type: CONSTRAINT; Schema: public; Owner: postgres
--

ALTER TABLE ONLY public.table_schedulenotjob
    ADD CONSTRAINT table_schedulenotjob_pkey PRIMARY KEY (id);


--
-- Name: table_shift table_shift_pkey; Type: CONSTRAINT; Schema: public; Owner: postgres
--

ALTER TABLE ONLY public.table_shift
    ADD CONSTRAINT table_shift_pkey PRIMARY KEY (id);


--
-- Name: table_tgo_operation table_tgo_operation_pkey; Type: CONSTRAINT; Schema: public; Owner: postgres
--

ALTER TABLE ONLY public.table_tgo_operation
    ADD CONSTRAINT table_tgo_operation_pkey PRIMARY KEY (id);


--
-- Name: table_tgo_ressource table_tgo_ressource_pkey; Type: CONSTRAINT; Schema: public; Owner: postgres
--

ALTER TABLE ONLY public.table_tgo_ressource
    ADD CONSTRAINT table_tgo_ressource_pkey PRIMARY KEY (id);


--
-- Name: table_tgo_ressourceoperation table_tgo_ressourceoperation_pkey; Type: CONSTRAINT; Schema: public; Owner: postgres
--

ALTER TABLE ONLY public.table_tgo_ressourceoperation
    ADD CONSTRAINT table_tgo_ressourceoperation_pkey PRIMARY KEY (id);


--
-- Name: table_tgo_tgo_object table_tgo_tgo_object_pkey; Type: CONSTRAINT; Schema: public; Owner: postgres
--

ALTER TABLE ONLY public.table_tgo_tgo_object
    ADD CONSTRAINT table_tgo_tgo_object_pkey PRIMARY KEY (id);


--
-- Name: table_tgo_tgo table_tgo_tgo_pkey; Type: CONSTRAINT; Schema: public; Owner: postgres
--

ALTER TABLE ONLY public.table_tgo_tgo
    ADD CONSTRAINT table_tgo_tgo_pkey PRIMARY KEY (id);


--
-- Name: auth_group_name_a6ea08ec_like; Type: INDEX; Schema: public; Owner: postgres
--

CREATE INDEX auth_group_name_a6ea08ec_like ON public.auth_group USING btree (name varchar_pattern_ops);


--
-- Name: auth_group_permissions_group_id_b120cbf9; Type: INDEX; Schema: public; Owner: postgres
--

CREATE INDEX auth_group_permissions_group_id_b120cbf9 ON public.auth_group_permissions USING btree (group_id);


--
-- Name: auth_group_permissions_permission_id_84c5c92e; Type: INDEX; Schema: public; Owner: postgres
--

CREATE INDEX auth_group_permissions_permission_id_84c5c92e ON public.auth_group_permissions USING btree (permission_id);


--
-- Name: auth_permission_content_type_id_2f476e4b; Type: INDEX; Schema: public; Owner: postgres
--

CREATE INDEX auth_permission_content_type_id_2f476e4b ON public.auth_permission USING btree (content_type_id);


--
-- Name: auth_user_groups_group_id_97559544; Type: INDEX; Schema: public; Owner: postgres
--

CREATE INDEX auth_user_groups_group_id_97559544 ON public.auth_user_groups USING btree (group_id);


--
-- Name: auth_user_groups_user_id_6a12ed8b; Type: INDEX; Schema: public; Owner: postgres
--

CREATE INDEX auth_user_groups_user_id_6a12ed8b ON public.auth_user_groups USING btree (user_id);


--
-- Name: auth_user_user_permissions_permission_id_1fbb5f2c; Type: INDEX; Schema: public; Owner: postgres
--

CREATE INDEX auth_user_user_permissions_permission_id_1fbb5f2c ON public.auth_user_user_permissions USING btree (permission_id);


--
-- Name: auth_user_user_permissions_user_id_a95ead1b; Type: INDEX; Schema: public; Owner: postgres
--

CREATE INDEX auth_user_user_permissions_user_id_a95ead1b ON public.auth_user_user_permissions USING btree (user_id);


--
-- Name: auth_user_username_6821ab7c_like; Type: INDEX; Schema: public; Owner: postgres
--

CREATE INDEX auth_user_username_6821ab7c_like ON public.auth_user USING btree (username varchar_pattern_ops);


--
-- Name: django_admin_log_content_type_id_c4bce8eb; Type: INDEX; Schema: public; Owner: postgres
--

CREATE INDEX django_admin_log_content_type_id_c4bce8eb ON public.django_admin_log USING btree (content_type_id);


--
-- Name: django_admin_log_user_id_c564eba6; Type: INDEX; Schema: public; Owner: postgres
--

CREATE INDEX django_admin_log_user_id_c564eba6 ON public.django_admin_log USING btree (user_id);


--
-- Name: django_session_expire_date_a5c62663; Type: INDEX; Schema: public; Owner: postgres
--

CREATE INDEX django_session_expire_date_a5c62663 ON public.django_session USING btree (expire_date);


--
-- Name: django_session_session_key_c0390e0f_like; Type: INDEX; Schema: public; Owner: postgres
--

CREATE INDEX django_session_session_key_c0390e0f_like ON public.django_session USING btree (session_key varchar_pattern_ops);


--
-- Name: table_human_initials_e2fb18bf; Type: INDEX; Schema: public; Owner: postgres
--

CREATE INDEX table_human_initials_e2fb18bf ON public.table_human USING btree (initials);


--
-- Name: table_human_initials_e2fb18bf_like; Type: INDEX; Schema: public; Owner: postgres
--

CREATE INDEX table_human_initials_e2fb18bf_like ON public.table_human USING btree (initials varchar_pattern_ops);


--
-- Name: table_human_office_id_2c52e4d6; Type: INDEX; Schema: public; Owner: postgres
--

CREATE INDEX table_human_office_id_2c52e4d6 ON public.table_human USING btree (office_id);


--
-- Name: table_human_post_id_d2714e86; Type: INDEX; Schema: public; Owner: postgres
--

CREATE INDEX table_human_post_id_d2714e86 ON public.table_human USING btree (post_id);


--
-- Name: table_office_title_e213438d; Type: INDEX; Schema: public; Owner: postgres
--

CREATE INDEX table_office_title_e213438d ON public.table_office USING btree (title);


--
-- Name: table_office_title_e213438d_like; Type: INDEX; Schema: public; Owner: postgres
--

CREATE INDEX table_office_title_e213438d_like ON public.table_office USING btree (title varchar_pattern_ops);


--
-- Name: table_post_office_id_09a55343; Type: INDEX; Schema: public; Owner: postgres
--

CREATE INDEX table_post_office_id_09a55343 ON public.table_post USING btree (office_id);


--
-- Name: table_post_title_3f6f31da; Type: INDEX; Schema: public; Owner: postgres
--

CREATE INDEX table_post_title_3f6f31da ON public.table_post USING btree (title);


--
-- Name: table_post_title_3f6f31da_like; Type: INDEX; Schema: public; Owner: postgres
--

CREATE INDEX table_post_title_3f6f31da_like ON public.table_post USING btree (title varchar_pattern_ops);


--
-- Name: table_schedulenotjob_human_id_80dacb8d; Type: INDEX; Schema: public; Owner: postgres
--

CREATE INDEX table_schedulenotjob_human_id_80dacb8d ON public.table_schedulenotjob USING btree (human_id);


--
-- Name: table_schedulenotjob_office_id_02bb3d4a; Type: INDEX; Schema: public; Owner: postgres
--

CREATE INDEX table_schedulenotjob_office_id_02bb3d4a ON public.table_schedulenotjob USING btree (office_id);


--
-- Name: table_schedulenotjob_post_id_f69da133; Type: INDEX; Schema: public; Owner: postgres
--

CREATE INDEX table_schedulenotjob_post_id_f69da133 ON public.table_schedulenotjob USING btree (post_id);


--
-- Name: table_schedulenotjob_reason_id_6e1a55e4; Type: INDEX; Schema: public; Owner: postgres
--

CREATE INDEX table_schedulenotjob_reason_id_6e1a55e4 ON public.table_schedulenotjob USING btree (reason_id);


--
-- Name: table_schedulenotjob_shift_id_ac875a26; Type: INDEX; Schema: public; Owner: postgres
--

CREATE INDEX table_schedulenotjob_shift_id_ac875a26 ON public.table_schedulenotjob USING btree (shift_id);


--
-- Name: table_tgo_operation_title_d9c77217; Type: INDEX; Schema: public; Owner: postgres
--

CREATE INDEX table_tgo_operation_title_d9c77217 ON public.table_tgo_operation USING btree (title);


--
-- Name: table_tgo_operation_title_d9c77217_like; Type: INDEX; Schema: public; Owner: postgres
--

CREATE INDEX table_tgo_operation_title_d9c77217_like ON public.table_tgo_operation USING btree (title varchar_pattern_ops);


--
-- Name: table_tgo_ressource_office_id_e935d76d; Type: INDEX; Schema: public; Owner: postgres
--

CREATE INDEX table_tgo_ressource_office_id_e935d76d ON public.table_tgo_ressource USING btree (office_id);


--
-- Name: table_tgo_ressource_title_95a6ae88; Type: INDEX; Schema: public; Owner: postgres
--

CREATE INDEX table_tgo_ressource_title_95a6ae88 ON public.table_tgo_ressource USING btree (title);


--
-- Name: table_tgo_ressource_title_95a6ae88_like; Type: INDEX; Schema: public; Owner: postgres
--

CREATE INDEX table_tgo_ressource_title_95a6ae88_like ON public.table_tgo_ressource USING btree (title varchar_pattern_ops);


--
-- Name: table_tgo_ressourceoperation_ressource_id_6d26fc5c; Type: INDEX; Schema: public; Owner: postgres
--

CREATE INDEX table_tgo_ressourceoperation_ressource_id_6d26fc5c ON public.table_tgo_ressourceoperation USING btree (ressource_id);


--
-- Name: table_tgo_ressourceoperation_tgo_id_20c670e5; Type: INDEX; Schema: public; Owner: postgres
--

CREATE INDEX table_tgo_ressourceoperation_tgo_id_20c670e5 ON public.table_tgo_ressourceoperation USING btree (tgo_id);


--
-- Name: table_tgo_ressourceoperation_tgo_object_id_267f1ae2; Type: INDEX; Schema: public; Owner: postgres
--

CREATE INDEX table_tgo_ressourceoperation_tgo_object_id_267f1ae2 ON public.table_tgo_ressourceoperation USING btree (tgo_object_id);


--
-- Name: table_tgo_tgo_object_operation_id_34e62e41; Type: INDEX; Schema: public; Owner: postgres
--

CREATE INDEX table_tgo_tgo_object_operation_id_34e62e41 ON public.table_tgo_tgo_object USING btree (operation_id);


--
-- Name: table_tgo_tgo_object_tgo_id_6992636c; Type: INDEX; Schema: public; Owner: postgres
--

CREATE INDEX table_tgo_tgo_object_tgo_id_6992636c ON public.table_tgo_tgo_object USING btree (tgo_id);


--
-- Name: table_tgo_tgo_object_user_id_bb679a3f; Type: INDEX; Schema: public; Owner: postgres
--

CREATE INDEX table_tgo_tgo_object_user_id_bb679a3f ON public.table_tgo_tgo_object USING btree (author_id);


--
-- Name: table_tgo_tgo_title_a0374eff; Type: INDEX; Schema: public; Owner: postgres
--

CREATE INDEX table_tgo_tgo_title_a0374eff ON public.table_tgo_tgo USING btree (title);


--
-- Name: table_tgo_tgo_title_a0374eff_like; Type: INDEX; Schema: public; Owner: postgres
--

CREATE INDEX table_tgo_tgo_title_a0374eff_like ON public.table_tgo_tgo USING btree (title varchar_pattern_ops);


--
-- Name: table_tgo_tgo_user_id_8b9eb63c; Type: INDEX; Schema: public; Owner: postgres
--

CREATE INDEX table_tgo_tgo_user_id_8b9eb63c ON public.table_tgo_tgo USING btree (author_id);


--
-- Name: auth_group_permissions auth_group_permissio_permission_id_84c5c92e_fk_auth_perm; Type: FK CONSTRAINT; Schema: public; Owner: postgres
--

ALTER TABLE ONLY public.auth_group_permissions
    ADD CONSTRAINT auth_group_permissio_permission_id_84c5c92e_fk_auth_perm FOREIGN KEY (permission_id) REFERENCES public.auth_permission(id) DEFERRABLE INITIALLY DEFERRED;


--
-- Name: auth_group_permissions auth_group_permissions_group_id_b120cbf9_fk_auth_group_id; Type: FK CONSTRAINT; Schema: public; Owner: postgres
--

ALTER TABLE ONLY public.auth_group_permissions
    ADD CONSTRAINT auth_group_permissions_group_id_b120cbf9_fk_auth_group_id FOREIGN KEY (group_id) REFERENCES public.auth_group(id) DEFERRABLE INITIALLY DEFERRED;


--
-- Name: auth_permission auth_permission_content_type_id_2f476e4b_fk_django_co; Type: FK CONSTRAINT; Schema: public; Owner: postgres
--

ALTER TABLE ONLY public.auth_permission
    ADD CONSTRAINT auth_permission_content_type_id_2f476e4b_fk_django_co FOREIGN KEY (content_type_id) REFERENCES public.django_content_type(id) DEFERRABLE INITIALLY DEFERRED;


--
-- Name: auth_user_groups auth_user_groups_group_id_97559544_fk_auth_group_id; Type: FK CONSTRAINT; Schema: public; Owner: postgres
--

ALTER TABLE ONLY public.auth_user_groups
    ADD CONSTRAINT auth_user_groups_group_id_97559544_fk_auth_group_id FOREIGN KEY (group_id) REFERENCES public.auth_group(id) DEFERRABLE INITIALLY DEFERRED;


--
-- Name: auth_user_groups auth_user_groups_user_id_6a12ed8b_fk_auth_user_id; Type: FK CONSTRAINT; Schema: public; Owner: postgres
--

ALTER TABLE ONLY public.auth_user_groups
    ADD CONSTRAINT auth_user_groups_user_id_6a12ed8b_fk_auth_user_id FOREIGN KEY (user_id) REFERENCES public.auth_user(id) DEFERRABLE INITIALLY DEFERRED;


--
-- Name: auth_user_user_permissions auth_user_user_permi_permission_id_1fbb5f2c_fk_auth_perm; Type: FK CONSTRAINT; Schema: public; Owner: postgres
--

ALTER TABLE ONLY public.auth_user_user_permissions
    ADD CONSTRAINT auth_user_user_permi_permission_id_1fbb5f2c_fk_auth_perm FOREIGN KEY (permission_id) REFERENCES public.auth_permission(id) DEFERRABLE INITIALLY DEFERRED;


--
-- Name: auth_user_user_permissions auth_user_user_permissions_user_id_a95ead1b_fk_auth_user_id; Type: FK CONSTRAINT; Schema: public; Owner: postgres
--

ALTER TABLE ONLY public.auth_user_user_permissions
    ADD CONSTRAINT auth_user_user_permissions_user_id_a95ead1b_fk_auth_user_id FOREIGN KEY (user_id) REFERENCES public.auth_user(id) DEFERRABLE INITIALLY DEFERRED;


--
-- Name: django_admin_log django_admin_log_content_type_id_c4bce8eb_fk_django_co; Type: FK CONSTRAINT; Schema: public; Owner: postgres
--

ALTER TABLE ONLY public.django_admin_log
    ADD CONSTRAINT django_admin_log_content_type_id_c4bce8eb_fk_django_co FOREIGN KEY (content_type_id) REFERENCES public.django_content_type(id) DEFERRABLE INITIALLY DEFERRED;


--
-- Name: django_admin_log django_admin_log_user_id_c564eba6_fk_auth_user_id; Type: FK CONSTRAINT; Schema: public; Owner: postgres
--

ALTER TABLE ONLY public.django_admin_log
    ADD CONSTRAINT django_admin_log_user_id_c564eba6_fk_auth_user_id FOREIGN KEY (user_id) REFERENCES public.auth_user(id) DEFERRABLE INITIALLY DEFERRED;


--
-- Name: table_human table_human_office_id_2c52e4d6_fk_table_office_id; Type: FK CONSTRAINT; Schema: public; Owner: postgres
--

ALTER TABLE ONLY public.table_human
    ADD CONSTRAINT table_human_office_id_2c52e4d6_fk_table_office_id FOREIGN KEY (office_id) REFERENCES public.table_office(id) DEFERRABLE INITIALLY DEFERRED;


--
-- Name: table_human table_human_post_id_d2714e86_fk_table_post_id; Type: FK CONSTRAINT; Schema: public; Owner: postgres
--

ALTER TABLE ONLY public.table_human
    ADD CONSTRAINT table_human_post_id_d2714e86_fk_table_post_id FOREIGN KEY (post_id) REFERENCES public.table_post(id) DEFERRABLE INITIALLY DEFERRED;


--
-- Name: table_post table_post_office_id_09a55343_fk_table_office_id; Type: FK CONSTRAINT; Schema: public; Owner: postgres
--

ALTER TABLE ONLY public.table_post
    ADD CONSTRAINT table_post_office_id_09a55343_fk_table_office_id FOREIGN KEY (office_id) REFERENCES public.table_office(id) DEFERRABLE INITIALLY DEFERRED;


--
-- Name: table_schedulenotjob table_schedulenotjob_human_id_80dacb8d_fk_table_human_id; Type: FK CONSTRAINT; Schema: public; Owner: postgres
--

ALTER TABLE ONLY public.table_schedulenotjob
    ADD CONSTRAINT table_schedulenotjob_human_id_80dacb8d_fk_table_human_id FOREIGN KEY (human_id) REFERENCES public.table_human(id) DEFERRABLE INITIALLY DEFERRED;


--
-- Name: table_schedulenotjob table_schedulenotjob_office_id_02bb3d4a_fk_table_office_id; Type: FK CONSTRAINT; Schema: public; Owner: postgres
--

ALTER TABLE ONLY public.table_schedulenotjob
    ADD CONSTRAINT table_schedulenotjob_office_id_02bb3d4a_fk_table_office_id FOREIGN KEY (office_id) REFERENCES public.table_office(id) DEFERRABLE INITIALLY DEFERRED;


--
-- Name: table_schedulenotjob table_schedulenotjob_post_id_f69da133_fk_table_post_id; Type: FK CONSTRAINT; Schema: public; Owner: postgres
--

ALTER TABLE ONLY public.table_schedulenotjob
    ADD CONSTRAINT table_schedulenotjob_post_id_f69da133_fk_table_post_id FOREIGN KEY (post_id) REFERENCES public.table_post(id) DEFERRABLE INITIALLY DEFERRED;


--
-- Name: table_schedulenotjob table_schedulenotjob_reason_id_6e1a55e4_fk_table_reason_id; Type: FK CONSTRAINT; Schema: public; Owner: postgres
--

ALTER TABLE ONLY public.table_schedulenotjob
    ADD CONSTRAINT table_schedulenotjob_reason_id_6e1a55e4_fk_table_reason_id FOREIGN KEY (reason_id) REFERENCES public.table_reason(id) DEFERRABLE INITIALLY DEFERRED;


--
-- Name: table_schedulenotjob table_schedulenotjob_shift_id_ac875a26_fk_table_shift_id; Type: FK CONSTRAINT; Schema: public; Owner: postgres
--

ALTER TABLE ONLY public.table_schedulenotjob
    ADD CONSTRAINT table_schedulenotjob_shift_id_ac875a26_fk_table_shift_id FOREIGN KEY (shift_id) REFERENCES public.table_shift(id) DEFERRABLE INITIALLY DEFERRED;


--
-- Name: table_tgo_ressource table_tgo_ressource_office_id_e935d76d_fk_table_office_id; Type: FK CONSTRAINT; Schema: public; Owner: postgres
--

ALTER TABLE ONLY public.table_tgo_ressource
    ADD CONSTRAINT table_tgo_ressource_office_id_e935d76d_fk_table_office_id FOREIGN KEY (office_id) REFERENCES public.table_office(id) DEFERRABLE INITIALLY DEFERRED;


--
-- Name: table_tgo_ressourceoperation table_tgo_ressourceo_ressource_id_6d26fc5c_fk_table_tgo; Type: FK CONSTRAINT; Schema: public; Owner: postgres
--

ALTER TABLE ONLY public.table_tgo_ressourceoperation
    ADD CONSTRAINT table_tgo_ressourceo_ressource_id_6d26fc5c_fk_table_tgo FOREIGN KEY (ressource_id) REFERENCES public.table_tgo_ressource(id) DEFERRABLE INITIALLY DEFERRED;


--
-- Name: table_tgo_ressourceoperation table_tgo_ressourceo_tgo_id_20c670e5_fk_table_tgo; Type: FK CONSTRAINT; Schema: public; Owner: postgres
--

ALTER TABLE ONLY public.table_tgo_ressourceoperation
    ADD CONSTRAINT table_tgo_ressourceo_tgo_id_20c670e5_fk_table_tgo FOREIGN KEY (tgo_id) REFERENCES public.table_tgo_tgo(id) DEFERRABLE INITIALLY DEFERRED;


--
-- Name: table_tgo_ressourceoperation table_tgo_ressourceo_tgo_object_id_267f1ae2_fk_table_tgo; Type: FK CONSTRAINT; Schema: public; Owner: postgres
--

ALTER TABLE ONLY public.table_tgo_ressourceoperation
    ADD CONSTRAINT table_tgo_ressourceo_tgo_object_id_267f1ae2_fk_table_tgo FOREIGN KEY (tgo_object_id) REFERENCES public.table_tgo_tgo_object(id) DEFERRABLE INITIALLY DEFERRED;


--
-- Name: table_tgo_tgo table_tgo_tgo_author_id_6ca0d480_fk_auth_user_id; Type: FK CONSTRAINT; Schema: public; Owner: postgres
--

ALTER TABLE ONLY public.table_tgo_tgo
    ADD CONSTRAINT table_tgo_tgo_author_id_6ca0d480_fk_auth_user_id FOREIGN KEY (author_id) REFERENCES public.auth_user(id) DEFERRABLE INITIALLY DEFERRED;


--
-- Name: table_tgo_tgo_object table_tgo_tgo_object_author_id_cf91b448_fk_auth_user_id; Type: FK CONSTRAINT; Schema: public; Owner: postgres
--

ALTER TABLE ONLY public.table_tgo_tgo_object
    ADD CONSTRAINT table_tgo_tgo_object_author_id_cf91b448_fk_auth_user_id FOREIGN KEY (author_id) REFERENCES public.auth_user(id) DEFERRABLE INITIALLY DEFERRED;


--
-- Name: table_tgo_tgo_object table_tgo_tgo_object_operation_id_34e62e41_fk_table_tgo; Type: FK CONSTRAINT; Schema: public; Owner: postgres
--

ALTER TABLE ONLY public.table_tgo_tgo_object
    ADD CONSTRAINT table_tgo_tgo_object_operation_id_34e62e41_fk_table_tgo FOREIGN KEY (operation_id) REFERENCES public.table_tgo_operation(id) DEFERRABLE INITIALLY DEFERRED;


--
-- Name: table_tgo_tgo_object table_tgo_tgo_object_tgo_id_6992636c_fk_table_tgo_tgo_id; Type: FK CONSTRAINT; Schema: public; Owner: postgres
--

ALTER TABLE ONLY public.table_tgo_tgo_object
    ADD CONSTRAINT table_tgo_tgo_object_tgo_id_6992636c_fk_table_tgo_tgo_id FOREIGN KEY (tgo_id) REFERENCES public.table_tgo_tgo(id) DEFERRABLE INITIALLY DEFERRED;


--
-- PostgreSQL database dump complete
--

--
-- PostgreSQL database cluster dump complete
--

